<?xml version="1.0" encoding="UTF-8"?>
<!-- Generated by org.testng.reporters.JUnitXMLReporter -->
<testsuite ignored="0" hostname="ATMECSINLT-083" failures="0" tests="5" name="Default test" time="79.934" errors="0" timestamp="19 Sep 2019 05:44:36 GMT">
  <testcase classname="com.yatra.testscripts.SearchForBus" name="searching_Bus" time="31.807"/>
  <testcase classname="com.yatra.testscripts.SelectBus" name="selecting_Bus" time="3.103"/>
  <testcase classname="com.yatra.testscripts.BookaBus" name="booking_Bus" time="4.884"/>
  <testcase classname="com.yatra.testscripts.SignintoBookBus" name="signingToBookTicket" time="17.471"/>
  <testcase classname="com.yatra.testscripts.FillPassengerDetails" name="fillingTravellerDetails" time="5.223"/>
</testsuite> <!-- Default test -->
