<?xml version="1.0" encoding="UTF-8"?>
<!-- Generated by org.testng.reporters.JUnitXMLReporter -->
<testsuite ignored="0" hostname="ATMECSINLT-083" failures="0" tests="5" name="Default test" time="71.922" errors="0" timestamp="13 Sep 2019 14:11:49 GMT">
  <testcase classname="com.yatra.testscripts.SearchForBus" name="searching_Bus" time="22.585"/>
  <testcase classname="com.yatra.testscripts.SelectBus" name="selecting_Bus" time="3.654"/>
  <testcase classname="com.yatra.testscripts.BookaBus" name="booking_Bus" time="6.775"/>
  <testcase classname="com.yatra.testscripts.SignintoBookBus" name="signingToBookTicket" time="16.506"/>
  <testcase classname="com.yatra.testscripts.FillPassengerDetails" name="fillingTravellerDetails" time="5.246"/>
</testsuite> <!-- Default test -->
