<?xml version="1.0" encoding="UTF-8"?>
<!-- Generated by org.testng.reporters.JUnitXMLReporter -->
<testsuite ignored="0" hostname="ATMECSINLT-083" failures="0" tests="5" name="Test" time="71.501" errors="0" timestamp="13 Sep 2019 04:49:32 GMT">
  <testcase classname="com.yatra.testscripts.SearchForBus" name="searching_Bus" time="26.953"/>
  <testcase classname="com.yatra.testscripts.SelectBus" name="selecting_Bus" time="4.463"/>
  <testcase classname="com.yatra.testscripts.BookaBus" name="booking_Bus" time="6.108"/>
  <testcase classname="com.yatra.testscripts.SignintoBookBus" name="signingToBookTicket" time="12.135"/>
  <testcase classname="com.yatra.testscripts.FillPassengerDetails" name="fillingTravellerDetails" time="4.41"/>
</testsuite> <!-- Test -->
