<?xml version="1.0" encoding="UTF-8"?>
<!-- Generated by org.testng.reporters.JUnitXMLReporter -->
<testsuite ignored="0" hostname="ATMECSINLT-083" failures="0" tests="5" name="Test" time="74.167" errors="0" timestamp="16 Sep 2019 06:20:14 GMT">
  <testcase classname="com.yatra.testscripts.SearchForBus" name="searching_Bus" time="24.844"/>
  <testcase classname="com.yatra.testscripts.SelectBus" name="selecting_Bus" time="3.829"/>
  <testcase classname="com.yatra.testscripts.BookaBus" name="booking_Bus" time="5.61"/>
  <testcase classname="com.yatra.testscripts.SignintoBookBus" name="signingToBookTicket" time="18.208"/>
  <testcase classname="com.yatra.testscripts.FillPassengerDetails" name="fillingTravellerDetails" time="4.773"/>
</testsuite> <!-- Test -->
