<?xml version="1.0" encoding="UTF-8"?>
<!-- Generated by org.testng.reporters.JUnitXMLReporter -->
<testsuite ignored="0" hostname="ATMECSINLT-083" failures="0" tests="5" name="Test" time="78.857" errors="0" timestamp="16 Sep 2019 06:16:12 GMT">
  <testcase classname="com.yatra.testscripts.SearchForBus" name="searching_Bus" time="25.384"/>
  <testcase classname="com.yatra.testscripts.SelectBus" name="selecting_Bus" time="5.057"/>
  <testcase classname="com.yatra.testscripts.BookaBus" name="booking_Bus" time="7.376"/>
  <testcase classname="com.yatra.testscripts.SignintoBookBus" name="signingToBookTicket" time="18.626"/>
  <testcase classname="com.yatra.testscripts.FillPassengerDetails" name="fillingTravellerDetails" time="4.798"/>
</testsuite> <!-- Test -->
