<?xml version="1.0" encoding="UTF-8"?>
<testsuite xmlns:xsi="http://www.w3.org/2001/XMLSchema-instance" xsi:noNamespaceSchemaLocation="https://maven.apache.org/surefire/maven-surefire-plugin/xsd/surefire-test-report-3.0.xsd" version="3.0" name="TestSuite" time="96.819" tests="5" errors="0" skipped="0" failures="1">
  <properties>
[...]
</properties>
  <testcase name="searching_Bus" classname="com.yatra.testscripts.FillPassengerDetails" time="24.451"/>
  <testcase name="selecting_Bus" classname="com.yatra.testscripts.FillPassengerDetails" time="3.741"/>
  <testcase name="booking_Bus" classname="com.yatra.testscripts.FillPassengerDetails" time="21.972">
    <failure message="no such element: Unable to locate element: {&quot;method&quot;:&quot;xpath&quot;,&quot;selector&quot;:&quot;//span[@id=&apos;onwards-total-fare&apos;]&quot;}&#10;  (Session info: chrome=76.0.3809.132)&#10;For documentation on this error, please visit: https://www.seleniumhq.org/exceptions/no_such_element.html&#10;Build info: version: &apos;3.141.59&apos;, revision: &apos;e82be7d358&apos;, time: &apos;2018-11-14T08:17:03&apos;&#10;System info: host: &apos;ATMECSINLT-083&apos;, ip: &apos;55.55.53.239&apos;, os.name: &apos;Windows 10&apos;, os.arch: &apos;amd64&apos;, os.version: &apos;10.0&apos;, java.version: &apos;12.0.1&apos;&#10;Driver info: org.openqa.selenium.chrome.ChromeDriver&#10;Capabilities {acceptInsecureCerts: false, browserName: chrome, browserVersion: 76.0.3809.132, chrome: {chromedriverVersion: 76.0.3809.126 (d80a294506b4..., userDataDir: C:\Users\SAIANU~1.POD\AppDa...}, goog:chromeOptions: {debuggerAddress: localhost:55195}, javascriptEnabled: true, networkConnectionEnabled: false, pageLoadStrategy: normal, platform: XP, platformName: XP, proxy: Proxy(), setWindowRect: true, strictFileInteractability: false, timeouts: {implicit: 0, pageLoad: 300000, script: 30000}, unhandledPromptBehavior: dismiss and notify}&#10;Session ID: e83f0af16fbda6d4cf428989a8da5424&#10;*** Element info: {Using=xpath, value=//span[@id=&apos;onwards-total-fare&apos;]}" type="org.openqa.selenium.NoSuchElementException">org.openqa.selenium.NoSuchElementException: 
no such element: Unable to locate element: {"method":"xpath","selector":"//span[@id='onwards-total-fare']"}
  (Session info: chrome=76.0.3809.132)
For documentation on this error, please visit: https://www.seleniumhq.org/exceptions/no_such_element.html
Build info: version: '3.141.59', revision: 'e82be7d358', time: '2018-11-14T08:17:03'
System info: host: 'ATMECSINLT-083', ip: '55.55.53.239', os.name: 'Windows 10', os.arch: 'amd64', os.version: '10.0', java.version: '12.0.1'
Driver info: org.openqa.selenium.chrome.ChromeDriver
Capabilities {acceptInsecureCerts: false, browserName: chrome, browserVersion: 76.0.3809.132, chrome: {chromedriverVersion: 76.0.3809.126 (d80a294506b4..., userDataDir: C:\Users\SAIANU~1.POD\AppDa...}, goog:chromeOptions: {debuggerAddress: localhost:55195}, javascriptEnabled: true, networkConnectionEnabled: false, pageLoadStrategy: normal, platform: XP, platformName: XP, proxy: Proxy(), setWindowRect: true, strictFileInteractability: false, timeouts: {implicit: 0, pageLoad: 300000, script: 30000}, unhandledPromptBehavior: dismiss and notify}
Session ID: e83f0af16fbda6d4cf428989a8da5424
*** Element info: {Using=xpath, value=//span[@id='onwards-total-fare']}
</failure>
    <system-out><![CDATA[09-13-2019 19:00:23 LogReports.java INFO  [main] utils.LogReports 20 - Completed seats booking
09-13-2019 19:00:24 LogReports.java INFO  [main] utils.LogReports 20 - entered bording point
09-13-2019 19:00:25 LogReports.java INFO  [main] utils.LogReports 20 - Passed : validatingBusName: Actual data : DLT BUS   Expected :DLT BUS
09-13-2019 19:00:25 LogReports.java INFO  [main] utils.LogReports 20 - Passed : validatingBusType: Actual data : A-C Sleeper (2+1)   Expected :A-C Sleeper (2+1)
09-13-2019 19:00:25 LogReports.java INFO  [main] utils.LogReports 20 - Passed : validatingSeatNumbers: Actual data : L16, L18, L17   Expected :L16, L18, L17
09-13-2019 19:00:30 LogReports.java INFO  [main] utils.LogReports 20 - Passed : validateBoardingPoint: Actual data : Nampally   Expected :Nampally
09-13-2019 19:00:30 LogReports.java INFO  [main] utils.LogReports 20 - failed : validateBordingPointAddress: Actual data : Below Nampally Metro Station.   Expected : Below Nampally Metro Station.
]]></system-out>
  </testcase>
  <testcase name="signingToBookTicket" classname="com.yatra.testscripts.FillPassengerDetails" time="19.938"/>
  <testcase name="fillingTravellerDetails" classname="com.yatra.testscripts.FillPassengerDetails" time="6.474"/>
</testsuite>