<?xml version="1.0" encoding="UTF-8"?>
<testng-results ignored="0" total="5" passed="5" failed="0" skipped="0">
  <reporter-output>
  </reporter-output>
  <suite started-at="2019-09-16T06:14:54Z" name="Suite" finished-at="2019-09-16T06:16:12Z" duration-ms="78857">
    <groups>
    </groups>
    <test started-at="2019-09-16T06:14:54Z" name="Test" finished-at="2019-09-16T06:16:12Z" duration-ms="78857">
      <class name="com.yatra.testscripts.FillPassengerDetails">
        <test-method is-config="true" signature="initializeBrowser()[pri:0, instance:com.yatra.testscripts.FillPassengerDetails@6dbb137d]" started-at="2019-09-16T06:14:54Z" name="initializeBrowser" finished-at="2019-09-16T06:15:11Z" duration-ms="17572" status="PASS">
          <reporter-output>
          </reporter-output>
        </test-method> <!-- initializeBrowser -->
        <test-method signature="searching_Bus()[pri:1, instance:com.yatra.testscripts.FillPassengerDetails@6dbb137d]" started-at="2019-09-16T06:15:11Z" name="searching_Bus" finished-at="2019-09-16T06:15:37Z" duration-ms="25384" status="PASS">
          <reporter-output>
          </reporter-output>
        </test-method> <!-- searching_Bus -->
        <test-method signature="selecting_Bus()[pri:2, instance:com.yatra.testscripts.FillPassengerDetails@6dbb137d]" started-at="2019-09-16T06:15:37Z" name="selecting_Bus" finished-at="2019-09-16T06:15:42Z" duration-ms="5057" status="PASS">
          <reporter-output>
          </reporter-output>
        </test-method> <!-- selecting_Bus -->
        <test-method signature="booking_Bus()[pri:3, instance:com.yatra.testscripts.FillPassengerDetails@6dbb137d]" started-at="2019-09-16T06:15:42Z" name="booking_Bus" finished-at="2019-09-16T06:15:49Z" duration-ms="7376" status="PASS">
          <reporter-output>
          </reporter-output>
        </test-method> <!-- booking_Bus -->
        <test-method signature="signingToBookTicket()[pri:4, instance:com.yatra.testscripts.FillPassengerDetails@6dbb137d]" started-at="2019-09-16T06:15:49Z" name="signingToBookTicket" finished-at="2019-09-16T06:16:08Z" duration-ms="18626" status="PASS">
          <reporter-output>
          </reporter-output>
        </test-method> <!-- signingToBookTicket -->
        <test-method signature="fillingTravellerDetails()[pri:5, instance:com.yatra.testscripts.FillPassengerDetails@6dbb137d]" started-at="2019-09-16T06:16:08Z" name="fillingTravellerDetails" finished-at="2019-09-16T06:16:12Z" duration-ms="4798" status="PASS">
          <reporter-output>
          </reporter-output>
        </test-method> <!-- fillingTravellerDetails -->
      </class> <!-- com.yatra.testscripts.FillPassengerDetails -->
    </test> <!-- Test -->
  </suite> <!-- Suite -->
</testng-results>
