<?xml version="1.0" encoding="UTF-8"?>
<testsuite xmlns:xsi="http://www.w3.org/2001/XMLSchema-instance" xsi:noNamespaceSchemaLocation="https://maven.apache.org/surefire/maven-surefire-plugin/xsd/surefire-test-report-3.0.xsd" version="3.0" name="TestSuite" time="71.59" tests="5" errors="0" skipped="0" failures="0">
  <properties>
[...]
</properties>
  <testcase name="searching_Bus" classname="com.yatra.testscripts.FillPassengerDetails" time="26.509"/>
  <testcase name="selecting_Bus" classname="com.yatra.testscripts.FillPassengerDetails" time="3.701"/>
  <testcase name="booking_Bus" classname="com.yatra.testscripts.FillPassengerDetails" time="5.973"/>
  <testcase name="signingToBookTicket" classname="com.yatra.testscripts.FillPassengerDetails" time="11.278"/>
  <testcase name="fillingTravellerDetails" classname="com.yatra.testscripts.FillPassengerDetails" time="4.757"/>
</testsuite>